CRITICAL - 2024-04-03 01:38:50 --> ErrorException: Undefined variable $produto
in APPPATH\Views\produtos\listar.php on line 163.
 1 APPPATH\Views\produtos\listar.php(163): CodeIgniter\Debug\Exceptions->errorHandler(2, 'Undefined variable $produto', 'C:\\xampp\\htdocs\\web.local\\app\\Views\\produtos\\listar.php', 163)
 2 SYSTEMPATH\View\View.php(228): include('C:\\xampp\\htdocs\\web.local\\app\\Views\\produtos\\listar.php')
 3 SYSTEMPATH\View\View.php(231): CodeIgniter\View\View->CodeIgniter\View\{closure}()
 4 SYSTEMPATH\Common.php(1178): CodeIgniter\View\View->render('produtos/listar', [], true)
 5 APPPATH\Controllers\Produtos.php(22): view('produtos/listar', [...])
 6 SYSTEMPATH\CodeIgniter.php(941): App\Controllers\Produtos->listar()
 7 SYSTEMPATH\CodeIgniter.php(502): CodeIgniter\CodeIgniter->runController(Object(App\Controllers\Produtos))
 8 SYSTEMPATH\CodeIgniter.php(361): CodeIgniter\CodeIgniter->handleRequest(null, Object(Config\Cache), false)
 9 FCPATH\index.php(79): CodeIgniter\CodeIgniter->run()
CRITICAL - 2024-04-03 01:40:25 --> ErrorException: Undefined variable $produto
in APPPATH\Views\produtos\listar.php on line 163.
 1 APPPATH\Views\produtos\listar.php(163): CodeIgniter\Debug\Exceptions->errorHandler(2, 'Undefined variable $produto', 'C:\\xampp\\htdocs\\web.local\\app\\Views\\produtos\\listar.php', 163)
 2 SYSTEMPATH\View\View.php(228): include('C:\\xampp\\htdocs\\web.local\\app\\Views\\produtos\\listar.php')
 3 SYSTEMPATH\View\View.php(231): CodeIgniter\View\View->CodeIgniter\View\{closure}()
 4 SYSTEMPATH\Common.php(1178): CodeIgniter\View\View->render('produtos/listar', [], true)
 5 APPPATH\Controllers\Produtos.php(22): view('produtos/listar', [...])
 6 SYSTEMPATH\CodeIgniter.php(941): App\Controllers\Produtos->listar()
 7 SYSTEMPATH\CodeIgniter.php(502): CodeIgniter\CodeIgniter->runController(Object(App\Controllers\Produtos))
 8 SYSTEMPATH\CodeIgniter.php(361): CodeIgniter\CodeIgniter->handleRequest(null, Object(Config\Cache), false)
 9 FCPATH\index.php(79): CodeIgniter\CodeIgniter->run()
CRITICAL - 2024-04-03 01:40:27 --> ErrorException: Undefined variable $produto
in APPPATH\Views\produtos\listar.php on line 163.
 1 APPPATH\Views\produtos\listar.php(163): CodeIgniter\Debug\Exceptions->errorHandler(2, 'Undefined variable $produto', 'C:\\xampp\\htdocs\\web.local\\app\\Views\\produtos\\listar.php', 163)
 2 SYSTEMPATH\View\View.php(228): include('C:\\xampp\\htdocs\\web.local\\app\\Views\\produtos\\listar.php')
 3 SYSTEMPATH\View\View.php(231): CodeIgniter\View\View->CodeIgniter\View\{closure}()
 4 SYSTEMPATH\Common.php(1178): CodeIgniter\View\View->render('produtos/listar', [], true)
 5 APPPATH\Controllers\Produtos.php(22): view('produtos/listar', [...])
 6 SYSTEMPATH\CodeIgniter.php(941): App\Controllers\Produtos->listar()
 7 SYSTEMPATH\CodeIgniter.php(502): CodeIgniter\CodeIgniter->runController(Object(App\Controllers\Produtos))
 8 SYSTEMPATH\CodeIgniter.php(361): CodeIgniter\CodeIgniter->handleRequest(null, Object(Config\Cache), false)
 9 FCPATH\index.php(79): CodeIgniter\CodeIgniter->run()
CRITICAL - 2024-04-03 01:41:25 --> ErrorException: Undefined variable $produto
in APPPATH\Views\produtos\listar.php on line 163.
 1 APPPATH\Views\produtos\listar.php(163): CodeIgniter\Debug\Exceptions->errorHandler(2, 'Undefined variable $produto', 'C:\\xampp\\htdocs\\web.local\\app\\Views\\produtos\\listar.php', 163)
 2 SYSTEMPATH\View\View.php(228): include('C:\\xampp\\htdocs\\web.local\\app\\Views\\produtos\\listar.php')
 3 SYSTEMPATH\View\View.php(231): CodeIgniter\View\View->CodeIgniter\View\{closure}()
 4 SYSTEMPATH\Common.php(1178): CodeIgniter\View\View->render('produtos/listar', [], true)
 5 APPPATH\Controllers\Produtos.php(22): view('produtos/listar', [...])
 6 SYSTEMPATH\CodeIgniter.php(941): App\Controllers\Produtos->listar()
 7 SYSTEMPATH\CodeIgniter.php(502): CodeIgniter\CodeIgniter->runController(Object(App\Controllers\Produtos))
 8 SYSTEMPATH\CodeIgniter.php(361): CodeIgniter\CodeIgniter->handleRequest(null, Object(Config\Cache), false)
 9 FCPATH\index.php(79): CodeIgniter\CodeIgniter->run()
CRITICAL - 2024-04-03 01:43:35 --> ErrorException: Undefined variable $produto
in APPPATH\Views\produtos\listar.php on line 163.
 1 APPPATH\Views\produtos\listar.php(163): CodeIgniter\Debug\Exceptions->errorHandler(2, 'Undefined variable $produto', 'C:\\xampp\\htdocs\\web.local\\app\\Views\\produtos\\listar.php', 163)
 2 SYSTEMPATH\View\View.php(228): include('C:\\xampp\\htdocs\\web.local\\app\\Views\\produtos\\listar.php')
 3 SYSTEMPATH\View\View.php(231): CodeIgniter\View\View->CodeIgniter\View\{closure}()
 4 SYSTEMPATH\Common.php(1178): CodeIgniter\View\View->render('produtos/listar', [], true)
 5 APPPATH\Controllers\Produtos.php(22): view('produtos/listar', [...])
 6 SYSTEMPATH\CodeIgniter.php(941): App\Controllers\Produtos->listar()
 7 SYSTEMPATH\CodeIgniter.php(502): CodeIgniter\CodeIgniter->runController(Object(App\Controllers\Produtos))
 8 SYSTEMPATH\CodeIgniter.php(361): CodeIgniter\CodeIgniter->handleRequest(null, Object(Config\Cache), false)
 9 FCPATH\index.php(79): CodeIgniter\CodeIgniter->run()
CRITICAL - 2024-04-03 01:43:38 --> ErrorException: Undefined variable $produto
in APPPATH\Views\produtos\listar.php on line 163.
 1 APPPATH\Views\produtos\listar.php(163): CodeIgniter\Debug\Exceptions->errorHandler(2, 'Undefined variable $produto', 'C:\\xampp\\htdocs\\web.local\\app\\Views\\produtos\\listar.php', 163)
 2 SYSTEMPATH\View\View.php(228): include('C:\\xampp\\htdocs\\web.local\\app\\Views\\produtos\\listar.php')
 3 SYSTEMPATH\View\View.php(231): CodeIgniter\View\View->CodeIgniter\View\{closure}()
 4 SYSTEMPATH\Common.php(1178): CodeIgniter\View\View->render('produtos/listar', [], true)
 5 APPPATH\Controllers\Produtos.php(22): view('produtos/listar', [...])
 6 SYSTEMPATH\CodeIgniter.php(941): App\Controllers\Produtos->listar()
 7 SYSTEMPATH\CodeIgniter.php(502): CodeIgniter\CodeIgniter->runController(Object(App\Controllers\Produtos))
 8 SYSTEMPATH\CodeIgniter.php(361): CodeIgniter\CodeIgniter->handleRequest(null, Object(Config\Cache), false)
 9 FCPATH\index.php(79): CodeIgniter\CodeIgniter->run()
CRITICAL - 2024-04-03 01:43:49 --> ErrorException: Undefined variable $produto
in APPPATH\Views\produtos\listar.php on line 163.
 1 APPPATH\Views\produtos\listar.php(163): CodeIgniter\Debug\Exceptions->errorHandler(2, 'Undefined variable $produto', 'C:\\xampp\\htdocs\\web.local\\app\\Views\\produtos\\listar.php', 163)
 2 SYSTEMPATH\View\View.php(228): include('C:\\xampp\\htdocs\\web.local\\app\\Views\\produtos\\listar.php')
 3 SYSTEMPATH\View\View.php(231): CodeIgniter\View\View->CodeIgniter\View\{closure}()
 4 SYSTEMPATH\Common.php(1178): CodeIgniter\View\View->render('produtos/listar', [], true)
 5 APPPATH\Controllers\Produtos.php(22): view('produtos/listar', [...])
 6 SYSTEMPATH\CodeIgniter.php(941): App\Controllers\Produtos->listar()
 7 SYSTEMPATH\CodeIgniter.php(502): CodeIgniter\CodeIgniter->runController(Object(App\Controllers\Produtos))
 8 SYSTEMPATH\CodeIgniter.php(361): CodeIgniter\CodeIgniter->handleRequest(null, Object(Config\Cache), false)
 9 FCPATH\index.php(79): CodeIgniter\CodeIgniter->run()
CRITICAL - 2024-04-03 02:41:51 --> ParseError: syntax error, unexpected token "}", expecting "," or ";"
in APPPATH\Controllers\Login.php on line 13.
 1 SYSTEMPATH\Router\Router.php(515): CodeIgniter\Router\AutoRouter->getRoute('login', 'get')
 2 SYSTEMPATH\Router\Router.php(211): CodeIgniter\Router\Router->autoRoute('login')
 3 SYSTEMPATH\CodeIgniter.php(823): CodeIgniter\Router\Router->handle('login')
 4 SYSTEMPATH\CodeIgniter.php(450): CodeIgniter\CodeIgniter->tryToRouteIt(Object(CodeIgniter\Router\RouteCollection))
 5 SYSTEMPATH\CodeIgniter.php(361): CodeIgniter\CodeIgniter->handleRequest(null, Object(Config\Cache), false)
 6 FCPATH\index.php(79): CodeIgniter\CodeIgniter->run()
ERROR - 2024-04-03 03:49:09 --> mysqli_sql_exception: Table 'sistema_web.login' doesn't exist in C:\xampp\htdocs\web.local\system\Database\MySQLi\Connection.php:306
Stack trace:
#0 C:\xampp\htdocs\web.local\system\Database\MySQLi\Connection.php(306): mysqli->query('SELECT *\nFROM `...', 0)
#1 C:\xampp\htdocs\web.local\system\Database\BaseConnection.php(693): CodeIgniter\Database\MySQLi\Connection->execute('SELECT *\nFROM `...')
#2 C:\xampp\htdocs\web.local\system\Database\BaseConnection.php(607): CodeIgniter\Database\BaseConnection->simpleQuery('SELECT *\nFROM `...')
#3 C:\xampp\htdocs\web.local\system\Database\BaseBuilder.php(1616): CodeIgniter\Database\BaseConnection->query('SELECT *\nFROM `...', Array, false)
#4 C:\xampp\htdocs\web.local\system\Model.php(270): CodeIgniter\Database\BaseBuilder->get()
#5 C:\xampp\htdocs\web.local\system\BaseModel.php(676): CodeIgniter\Model->doFirst()
#6 C:\xampp\htdocs\web.local\app\Controllers\Login.php(24): CodeIgniter\BaseModel->first()
#7 C:\xampp\htdocs\web.local\system\CodeIgniter.php(941): App\Controllers\Login->autenticar()
#8 C:\xampp\htdocs\web.local\system\CodeIgniter.php(502): CodeIgniter\CodeIgniter->runController(Object(App\Controllers\Login))
#9 C:\xampp\htdocs\web.local\system\CodeIgniter.php(361): CodeIgniter\CodeIgniter->handleRequest(NULL, Object(Config\Cache), false)
#10 C:\xampp\htdocs\web.local\public\index.php(79): CodeIgniter\CodeIgniter->run()
#11 {main}
CRITICAL - 2024-04-03 03:49:09 --> CodeIgniter\Database\Exceptions\DatabaseException: Table 'sistema_web.login' doesn't exist
in SYSTEMPATH\Database\BaseConnection.php on line 647.
 1 SYSTEMPATH\Database\BaseBuilder.php(1616): CodeIgniter\Database\BaseConnection->query('SELECT *
FROM `login`
WHERE `Usuario` = :Usuario:
AND `Senha` = :Senha:
 LIMIT 1', [...], false)
 2 SYSTEMPATH\Model.php(270): CodeIgniter\Database\BaseBuilder->get()
 3 SYSTEMPATH\BaseModel.php(676): CodeIgniter\Model->doFirst()
 4 APPPATH\Controllers\Login.php(24): CodeIgniter\BaseModel->first()
 5 SYSTEMPATH\CodeIgniter.php(941): App\Controllers\Login->autenticar()
 6 SYSTEMPATH\CodeIgniter.php(502): CodeIgniter\CodeIgniter->runController(Object(App\Controllers\Login))
 7 SYSTEMPATH\CodeIgniter.php(361): CodeIgniter\CodeIgniter->handleRequest(null, Object(Config\Cache), false)
 8 FCPATH\index.php(79): CodeIgniter\CodeIgniter->run()
CRITICAL - 2024-04-03 03:49:09 --> [Caused by] CodeIgniter\Database\Exceptions\DatabaseException: Table 'sistema_web.login' doesn't exist
in SYSTEMPATH\Database\MySQLi\Connection.php on line 311.
 1 SYSTEMPATH\Database\BaseConnection.php(693): CodeIgniter\Database\MySQLi\Connection->execute('SELECT *
FROM `login`
WHERE `Usuario` = \'admin\'
AND `Senha` = \'123\'
 LIMIT 1')
 2 SYSTEMPATH\Database\BaseConnection.php(607): CodeIgniter\Database\BaseConnection->simpleQuery('SELECT *
FROM `login`
WHERE `Usuario` = \'admin\'
AND `Senha` = \'123\'
 LIMIT 1')
 3 SYSTEMPATH\Database\BaseBuilder.php(1616): CodeIgniter\Database\BaseConnection->query('SELECT *
FROM `login`
WHERE `Usuario` = :Usuario:
AND `Senha` = :Senha:
 LIMIT 1', [...], false)
 4 SYSTEMPATH\Model.php(270): CodeIgniter\Database\BaseBuilder->get()
 5 SYSTEMPATH\BaseModel.php(676): CodeIgniter\Model->doFirst()
 6 APPPATH\Controllers\Login.php(24): CodeIgniter\BaseModel->first()
 7 SYSTEMPATH\CodeIgniter.php(941): App\Controllers\Login->autenticar()
 8 SYSTEMPATH\CodeIgniter.php(502): CodeIgniter\CodeIgniter->runController(Object(App\Controllers\Login))
 9 SYSTEMPATH\CodeIgniter.php(361): CodeIgniter\CodeIgniter->handleRequest(null, Object(Config\Cache), false)
10 FCPATH\index.php(79): CodeIgniter\CodeIgniter->run()
CRITICAL - 2024-04-03 03:49:09 --> [Caused by] mysqli_sql_exception: Table 'sistema_web.login' doesn't exist
in SYSTEMPATH\Database\MySQLi\Connection.php on line 306.
 1 SYSTEMPATH\Database\MySQLi\Connection.php(306): mysqli->query('SELECT *
FROM `login`
WHERE `Usuario` = \'admin\'
AND `Senha` = \'123\'
 LIMIT 1', 0)
 2 SYSTEMPATH\Database\BaseConnection.php(693): CodeIgniter\Database\MySQLi\Connection->execute('SELECT *
FROM `login`
WHERE `Usuario` = \'admin\'
AND `Senha` = \'123\'
 LIMIT 1')
 3 SYSTEMPATH\Database\BaseConnection.php(607): CodeIgniter\Database\BaseConnection->simpleQuery('SELECT *
FROM `login`
WHERE `Usuario` = \'admin\'
AND `Senha` = \'123\'
 LIMIT 1')
 4 SYSTEMPATH\Database\BaseBuilder.php(1616): CodeIgniter\Database\BaseConnection->query('SELECT *
FROM `login`
WHERE `Usuario` = :Usuario:
AND `Senha` = :Senha:
 LIMIT 1', [...], false)
 5 SYSTEMPATH\Model.php(270): CodeIgniter\Database\BaseBuilder->get()
 6 SYSTEMPATH\BaseModel.php(676): CodeIgniter\Model->doFirst()
 7 APPPATH\Controllers\Login.php(24): CodeIgniter\BaseModel->first()
 8 SYSTEMPATH\CodeIgniter.php(941): App\Controllers\Login->autenticar()
 9 SYSTEMPATH\CodeIgniter.php(502): CodeIgniter\CodeIgniter->runController(Object(App\Controllers\Login))
10 SYSTEMPATH\CodeIgniter.php(361): CodeIgniter\CodeIgniter->handleRequest(null, Object(Config\Cache), false)
11 FCPATH\index.php(79): CodeIgniter\CodeIgniter->run()
